<?xml version="1.0" encoding="UTF-8"?>
<coverage generated="1774726258">
  <project timestamp="1774726258" name="Clover Coverage">
    <package name="App\Controller">
      <file name="/app/src/Controller/HealthController.php">
        <class name="App\Controller\HealthController" namespace="App\Controller">
          <metrics complexity="1" methods="1" coveredmethods="0" conditionals="0" coveredconditionals="0" statements="1" coveredstatements="0" elements="2" coveredelements="0"/>
        </class>
        <line num="16" type="method" name="__invoke" visibility="public" complexity="1" crap="2" count="0"/>
        <line num="19" type="stmt" count="0"/>
        <metrics loc="22" ncloc="22" classes="1" methods="1" coveredmethods="0" conditionals="0" coveredconditionals="0" statements="1" coveredstatements="0" elements="2" coveredelements="0"/>
      </file>
      <file name="/app/src/Controller/InternalNotificationController.php">
        <class name="App\Controller\InternalNotificationController" namespace="App\Controller">
          <metrics complexity="8" methods="2" coveredmethods="0" conditionals="0" coveredconditionals="0" statements="14" coveredstatements="0" elements="16" coveredelements="0"/>
        </class>
        <line num="18" type="method" name="__construct" visibility="public" complexity="1" crap="2" count="0"/>
        <line num="23" type="stmt" count="0"/>
        <line num="25" type="method" name="requestAccess" visibility="public" complexity="7" crap="56" count="0"/>
        <line num="28" type="stmt" count="0"/>
        <line num="29" type="stmt" count="0"/>
        <line num="30" type="stmt" count="0"/>
        <line num="33" type="stmt" count="0"/>
        <line num="34" type="stmt" count="0"/>
        <line num="35" type="stmt" count="0"/>
        <line num="37" type="stmt" count="0"/>
        <line num="38" type="stmt" count="0"/>
        <line num="41" type="stmt" count="0"/>
        <line num="43" type="stmt" count="0"/>
        <line num="44" type="stmt" count="0"/>
        <line num="45" type="stmt" count="0"/>
        <line num="46" type="stmt" count="0"/>
        <metrics loc="49" ncloc="49" classes="1" methods="2" coveredmethods="0" conditionals="0" coveredconditionals="0" statements="14" coveredstatements="0" elements="16" coveredelements="0"/>
      </file>
      <file name="/app/src/Controller/NotificationController.php">
        <class name="App\Controller\NotificationController" namespace="App\Controller">
          <metrics complexity="13" methods="10" coveredmethods="0" conditionals="0" coveredconditionals="0" statements="40" coveredstatements="0" elements="50" coveredelements="0"/>
        </class>
        <line num="18" type="method" name="__construct" visibility="public" complexity="1" crap="2" count="0"/>
        <line num="20" type="stmt" count="0"/>
        <line num="22" type="method" name="inbox" visibility="public" complexity="1" crap="2" count="0"/>
        <line num="25" type="stmt" count="0"/>
        <line num="26" type="stmt" count="0"/>
        <line num="28" type="stmt" count="0"/>
        <line num="29" type="stmt" count="0"/>
        <line num="30" type="stmt" count="0"/>
        <line num="31" type="stmt" count="0"/>
        <line num="34" type="method" name="markRead" visibility="public" complexity="2" crap="6" count="0"/>
        <line num="37" type="stmt" count="0"/>
        <line num="38" type="stmt" count="0"/>
        <line num="41" type="stmt" count="0"/>
        <line num="43" type="stmt" count="0"/>
        <line num="46" type="method" name="clearInbox" visibility="public" complexity="1" crap="2" count="0"/>
        <line num="49" type="stmt" count="0"/>
        <line num="51" type="stmt" count="0"/>
        <line num="54" type="method" name="getRequestAccessTemplate" visibility="public" complexity="1" crap="2" count="0"/>
        <line num="57" type="stmt" count="0"/>
        <line num="58" type="stmt" count="0"/>
        <line num="61" type="method" name="updateRequestAccessTemplate" visibility="public" complexity="1" crap="2" count="0"/>
        <line num="64" type="stmt" count="0"/>
        <line num="65" type="stmt" count="0"/>
        <line num="67" type="stmt" count="0"/>
        <line num="70" type="method" name="createInboxNotification" visibility="public" complexity="1" crap="2" count="0"/>
        <line num="73" type="stmt" count="0"/>
        <line num="74" type="stmt" count="0"/>
        <line num="76" type="stmt" count="0"/>
        <line num="77" type="stmt" count="0"/>
        <line num="78" type="stmt" count="0"/>
        <line num="79" type="stmt" count="0"/>
        <line num="80" type="stmt" count="0"/>
        <line num="81" type="stmt" count="0"/>
        <line num="82" type="stmt" count="0"/>
        <line num="83" type="stmt" count="0"/>
        <line num="85" type="stmt" count="0"/>
        <line num="88" type="method" name="updateInboxNotification" visibility="public" complexity="2" crap="6" count="0"/>
        <line num="91" type="stmt" count="0"/>
        <line num="92" type="stmt" count="0"/>
        <line num="95" type="stmt" count="0"/>
        <line num="96" type="stmt" count="0"/>
        <line num="98" type="stmt" count="0"/>
        <line num="101" type="method" name="deleteInboxNotification" visibility="public" complexity="2" crap="6" count="0"/>
        <line num="104" type="stmt" count="0"/>
        <line num="105" type="stmt" count="0"/>
        <line num="108" type="stmt" count="0"/>
        <line num="110" type="stmt" count="0"/>
        <line num="113" type="method" name="getOwnerId" visibility="private" complexity="1" crap="2" count="0"/>
        <line num="116" type="stmt" count="0"/>
        <line num="117" type="stmt" count="0"/>
        <metrics loc="120" ncloc="119" classes="1" methods="10" coveredmethods="0" conditionals="0" coveredconditionals="0" statements="40" coveredstatements="0" elements="50" coveredelements="0"/>
      </file>
    </package>
    <package name="App\Entity">
      <file name="/app/src/Entity/InboxNotification.php">
        <class name="App\Entity\InboxNotification" namespace="App\Entity">
          <metrics complexity="22" methods="19" coveredmethods="14" conditionals="0" coveredconditionals="0" statements="31" coveredstatements="25" elements="50" coveredelements="39"/>
        </class>
        <line num="49" type="method" name="onPrePersist" visibility="public" complexity="1" crap="2" count="0"/>
        <line num="52" type="stmt" count="0"/>
        <line num="55" type="method" name="getId" visibility="public" complexity="1" crap="2" count="0"/>
        <line num="57" type="stmt" count="0"/>
        <line num="60" type="method" name="getRecipientUserId" visibility="public" complexity="1" crap="1" count="1"/>
        <line num="62" type="stmt" count="1"/>
        <line num="65" type="method" name="setRecipientUserId" visibility="public" complexity="1" crap="1" count="2"/>
        <line num="67" type="stmt" count="2"/>
        <line num="68" type="stmt" count="2"/>
        <line num="71" type="method" name="getRecipientEmail" visibility="public" complexity="1" crap="1" count="1"/>
        <line num="73" type="stmt" count="1"/>
        <line num="76" type="method" name="setRecipientEmail" visibility="public" complexity="1" crap="1" count="2"/>
        <line num="78" type="stmt" count="2"/>
        <line num="79" type="stmt" count="2"/>
        <line num="82" type="method" name="getType" visibility="public" complexity="1" crap="1" count="1"/>
        <line num="84" type="stmt" count="1"/>
        <line num="87" type="method" name="setType" visibility="public" complexity="1" crap="1" count="2"/>
        <line num="89" type="stmt" count="2"/>
        <line num="90" type="stmt" count="2"/>
        <line num="93" type="method" name="getTitle" visibility="public" complexity="1" crap="1" count="2"/>
        <line num="95" type="stmt" count="2"/>
        <line num="98" type="method" name="setTitle" visibility="public" complexity="1" crap="1" count="2"/>
        <line num="100" type="stmt" count="2"/>
        <line num="101" type="stmt" count="2"/>
        <line num="104" type="method" name="getBody" visibility="public" complexity="1" crap="1" count="2"/>
        <line num="106" type="stmt" count="2"/>
        <line num="109" type="method" name="setBody" visibility="public" complexity="1" crap="1" count="2"/>
        <line num="111" type="stmt" count="2"/>
        <line num="112" type="stmt" count="2"/>
        <line num="115" type="method" name="isRead" visibility="public" complexity="1" crap="1" count="1"/>
        <line num="117" type="stmt" count="1"/>
        <line num="120" type="method" name="setIsRead" visibility="public" complexity="4" crap="4.07" count="1"/>
        <line num="122" type="stmt" count="1"/>
        <line num="123" type="stmt" count="1"/>
        <line num="124" type="stmt" count="1"/>
        <line num="126" type="stmt" count="1"/>
        <line num="127" type="stmt" count="0"/>
        <line num="129" type="stmt" count="1"/>
        <line num="133" type="method" name="getPayload" visibility="public" complexity="1" crap="1" count="2"/>
        <line num="135" type="stmt" count="2"/>
        <line num="139" type="method" name="setPayload" visibility="public" complexity="1" crap="1" count="2"/>
        <line num="141" type="stmt" count="2"/>
        <line num="142" type="stmt" count="2"/>
        <line num="145" type="method" name="getCreatedAt" visibility="public" complexity="1" crap="2" count="0"/>
        <line num="147" type="stmt" count="0"/>
        <line num="150" type="method" name="setCreatedAt" visibility="public" complexity="1" crap="2" count="0"/>
        <line num="152" type="stmt" count="0"/>
        <line num="153" type="stmt" count="0"/>
        <line num="156" type="method" name="getReadAt" visibility="public" complexity="1" crap="1" count="1"/>
        <line num="158" type="stmt" count="1"/>
        <metrics loc="161" ncloc="158" classes="1" methods="19" coveredmethods="14" conditionals="0" coveredconditionals="0" statements="31" coveredstatements="25" elements="50" coveredelements="39"/>
      </file>
      <file name="/app/src/Entity/NotificationTemplate.php">
        <class name="App\Entity\NotificationTemplate" namespace="App\Entity">
          <metrics complexity="23" methods="23" coveredmethods="6" conditionals="0" coveredconditionals="0" statements="33" coveredstatements="9" elements="56" coveredelements="15"/>
        </class>
        <line num="56" type="method" name="touch" visibility="public" complexity="1" crap="2" count="0"/>
        <line num="60" type="stmt" count="0"/>
        <line num="63" type="method" name="getId" visibility="public" complexity="1" crap="2" count="0"/>
        <line num="65" type="stmt" count="0"/>
        <line num="68" type="method" name="getTemplateKey" visibility="public" complexity="1" crap="2" count="0"/>
        <line num="70" type="stmt" count="0"/>
        <line num="73" type="method" name="setTemplateKey" visibility="public" complexity="1" crap="2" count="0"/>
        <line num="75" type="stmt" count="0"/>
        <line num="76" type="stmt" count="0"/>
        <line num="79" type="method" name="isInboxEnabled" visibility="public" complexity="1" crap="1" count="2"/>
        <line num="81" type="stmt" count="2"/>
        <line num="84" type="method" name="setInboxEnabled" visibility="public" complexity="1" crap="1" count="2"/>
        <line num="86" type="stmt" count="2"/>
        <line num="87" type="stmt" count="2"/>
        <line num="90" type="method" name="getInboxTitle" visibility="public" complexity="1" crap="1" count="1"/>
        <line num="92" type="stmt" count="1"/>
        <line num="95" type="method" name="setInboxTitle" visibility="public" complexity="1" crap="1" count="1"/>
        <line num="97" type="stmt" count="1"/>
        <line num="98" type="stmt" count="1"/>
        <line num="101" type="method" name="getInboxBody" visibility="public" complexity="1" crap="1" count="1"/>
        <line num="103" type="stmt" count="1"/>
        <line num="106" type="method" name="setInboxBody" visibility="public" complexity="1" crap="1" count="1"/>
        <line num="108" type="stmt" count="1"/>
        <line num="109" type="stmt" count="1"/>
        <line num="112" type="method" name="isEmailEnabled" visibility="public" complexity="1" crap="2" count="0"/>
        <line num="114" type="stmt" count="0"/>
        <line num="117" type="method" name="setEmailEnabled" visibility="public" complexity="1" crap="2" count="0"/>
        <line num="119" type="stmt" count="0"/>
        <line num="120" type="stmt" count="0"/>
        <line num="123" type="method" name="getEmailTitle" visibility="public" complexity="1" crap="2" count="0"/>
        <line num="125" type="stmt" count="0"/>
        <line num="128" type="method" name="setEmailTitle" visibility="public" complexity="1" crap="2" count="0"/>
        <line num="130" type="stmt" count="0"/>
        <line num="131" type="stmt" count="0"/>
        <line num="134" type="method" name="getEmailBody" visibility="public" complexity="1" crap="2" count="0"/>
        <line num="136" type="stmt" count="0"/>
        <line num="139" type="method" name="setEmailBody" visibility="public" complexity="1" crap="2" count="0"/>
        <line num="141" type="stmt" count="0"/>
        <line num="142" type="stmt" count="0"/>
        <line num="145" type="method" name="isPushEnabled" visibility="public" complexity="1" crap="2" count="0"/>
        <line num="147" type="stmt" count="0"/>
        <line num="150" type="method" name="setPushEnabled" visibility="public" complexity="1" crap="2" count="0"/>
        <line num="152" type="stmt" count="0"/>
        <line num="153" type="stmt" count="0"/>
        <line num="156" type="method" name="getPushTitle" visibility="public" complexity="1" crap="2" count="0"/>
        <line num="158" type="stmt" count="0"/>
        <line num="161" type="method" name="setPushTitle" visibility="public" complexity="1" crap="2" count="0"/>
        <line num="163" type="stmt" count="0"/>
        <line num="164" type="stmt" count="0"/>
        <line num="167" type="method" name="getPushBody" visibility="public" complexity="1" crap="2" count="0"/>
        <line num="169" type="stmt" count="0"/>
        <line num="172" type="method" name="setPushBody" visibility="public" complexity="1" crap="2" count="0"/>
        <line num="174" type="stmt" count="0"/>
        <line num="175" type="stmt" count="0"/>
        <line num="178" type="method" name="getUpdatedAt" visibility="public" complexity="1" crap="2" count="0"/>
        <line num="180" type="stmt" count="0"/>
        <metrics loc="183" ncloc="183" classes="1" methods="23" coveredmethods="6" conditionals="0" coveredconditionals="0" statements="33" coveredstatements="9" elements="56" coveredelements="15"/>
      </file>
    </package>
    <package name="App\EventListener">
      <file name="/app/src/EventListener/ExceptionListener.php">
        <class name="App\EventListener\ExceptionListener" namespace="App\EventListener">
          <metrics complexity="0" methods="0" coveredmethods="0" conditionals="0" coveredconditionals="0" statements="0" coveredstatements="0" elements="0" coveredelements="0"/>
        </class>
        <metrics loc="18" ncloc="12" classes="0" methods="0" coveredmethods="0" conditionals="0" coveredconditionals="0" statements="0" coveredstatements="0" elements="0" coveredelements="0"/>
      </file>
    </package>
    <package name="App">
      <file name="/app/src/Kernel.php">
        <class name="App\Kernel" namespace="App">
          <metrics complexity="0" methods="0" coveredmethods="0" conditionals="0" coveredconditionals="0" statements="0" coveredstatements="0" elements="0" coveredelements="0"/>
        </class>
        <metrics loc="14" ncloc="14" classes="0" methods="0" coveredmethods="0" conditionals="0" coveredconditionals="0" statements="0" coveredstatements="0" elements="0" coveredelements="0"/>
      </file>
    </package>
    <package name="App\MessageHandler">
      <file name="/app/src/MessageHandler/RequestAccessNotificationMessageHandler.php">
        <class name="App\MessageHandler\RequestAccessNotificationMessageHandler" namespace="App\MessageHandler">
          <metrics complexity="2" methods="2" coveredmethods="0" conditionals="0" coveredconditionals="0" statements="5" coveredstatements="0" elements="7" coveredelements="0"/>
        </class>
        <line num="14" type="method" name="__construct" visibility="public" complexity="1" crap="2" count="0"/>
        <line num="16" type="stmt" count="0"/>
        <line num="18" type="method" name="__invoke" visibility="public" complexity="1" crap="2" count="0"/>
        <line num="20" type="stmt" count="0"/>
        <line num="21" type="stmt" count="0"/>
        <line num="22" type="stmt" count="0"/>
        <line num="23" type="stmt" count="0"/>
        <metrics loc="26" ncloc="26" classes="1" methods="2" coveredmethods="0" conditionals="0" coveredconditionals="0" statements="5" coveredstatements="0" elements="7" coveredelements="0"/>
      </file>
    </package>
    <package name="App\Repository">
      <file name="/app/src/Repository/InboxNotificationRepository.php">
        <class name="App\Repository\InboxNotificationRepository" namespace="App\Repository">
          <metrics complexity="5" methods="5" coveredmethods="0" conditionals="0" coveredconditionals="0" statements="23" coveredstatements="0" elements="28" coveredelements="0"/>
        </class>
        <line num="19" type="method" name="__construct" visibility="public" complexity="1" crap="2" count="0"/>
        <line num="21" type="stmt" count="0"/>
        <line num="25" type="method" name="findInboxByUser" visibility="public" complexity="1" crap="2" count="0"/>
        <line num="27" type="stmt" count="0"/>
        <line num="28" type="stmt" count="0"/>
        <line num="29" type="stmt" count="0"/>
        <line num="30" type="stmt" count="0"/>
        <line num="31" type="stmt" count="0"/>
        <line num="32" type="stmt" count="0"/>
        <line num="33" type="stmt" count="0"/>
        <line num="36" type="method" name="countUnreadByUser" visibility="public" complexity="1" crap="2" count="0"/>
        <line num="38" type="stmt" count="0"/>
        <line num="39" type="stmt" count="0"/>
        <line num="40" type="stmt" count="0"/>
        <line num="41" type="stmt" count="0"/>
        <line num="42" type="stmt" count="0"/>
        <line num="43" type="stmt" count="0"/>
        <line num="44" type="stmt" count="0"/>
        <line num="45" type="stmt" count="0"/>
        <line num="48" type="method" name="deleteAllByUser" visibility="public" complexity="1" crap="2" count="0"/>
        <line num="50" type="stmt" count="0"/>
        <line num="51" type="stmt" count="0"/>
        <line num="52" type="stmt" count="0"/>
        <line num="53" type="stmt" count="0"/>
        <line num="54" type="stmt" count="0"/>
        <line num="55" type="stmt" count="0"/>
        <line num="58" type="method" name="flush" visibility="public" complexity="1" crap="2" count="0"/>
        <line num="60" type="stmt" count="0"/>
        <metrics loc="63" ncloc="59" classes="1" methods="5" coveredmethods="0" conditionals="0" coveredconditionals="0" statements="23" coveredstatements="0" elements="28" coveredelements="0"/>
      </file>
      <file name="/app/src/Repository/NotificationTemplateRepository.php">
        <class name="App\Repository\NotificationTemplateRepository" namespace="App\Repository">
          <metrics complexity="2" methods="2" coveredmethods="0" conditionals="0" coveredconditionals="0" statements="6" coveredstatements="0" elements="8" coveredelements="0"/>
        </class>
        <line num="19" type="method" name="__construct" visibility="public" complexity="1" crap="2" count="0"/>
        <line num="21" type="stmt" count="0"/>
        <line num="24" type="method" name="findByKey" visibility="public" complexity="1" crap="2" count="0"/>
        <line num="26" type="stmt" count="0"/>
        <line num="27" type="stmt" count="0"/>
        <line num="28" type="stmt" count="0"/>
        <line num="29" type="stmt" count="0"/>
        <line num="30" type="stmt" count="0"/>
        <metrics loc="33" ncloc="30" classes="1" methods="2" coveredmethods="0" conditionals="0" coveredconditionals="0" statements="6" coveredstatements="0" elements="8" coveredelements="0"/>
      </file>
    </package>
    <package name="App\Service">
      <file name="/app/src/Service/NotificationService.php">
        <class name="App\Service\NotificationService" namespace="App\Service">
          <metrics complexity="21" methods="14" coveredmethods="5" conditionals="0" coveredconditionals="0" statements="97" coveredstatements="45" elements="111" coveredelements="50"/>
        </class>
        <line num="14" type="method" name="__construct" visibility="public" complexity="1" crap="1" count="4"/>
        <line num="19" type="stmt" count="4"/>
        <line num="21" type="method" name="getOrCreateRequestAccessTemplate" visibility="public" complexity="2" crap="2.75" count="2"/>
        <line num="23" type="stmt" count="2"/>
        <line num="24" type="stmt" count="2"/>
        <line num="25" type="stmt" count="2"/>
        <line num="28" type="stmt" count="0"/>
        <line num="29" type="stmt" count="0"/>
        <line num="31" type="stmt" count="0"/>
        <line num="33" type="stmt" count="0"/>
        <line num="37" type="method" name="updateRequestAccessTemplate" visibility="public" complexity="1" crap="2" count="0"/>
        <line num="39" type="stmt" count="0"/>
        <line num="41" type="stmt" count="0"/>
        <line num="43" type="stmt" count="0"/>
        <line num="45" type="stmt" count="0"/>
        <line num="52" type="method" name="createRequestAccessNotifications" visibility="public" complexity="4" crap="4" count="2"/>
        <line num="54" type="stmt" count="2"/>
        <line num="55" type="stmt" count="2"/>
        <line num="56" type="stmt" count="1"/>
        <line num="59" type="stmt" count="1"/>
        <line num="60" type="stmt" count="1"/>
        <line num="61" type="stmt" count="1"/>
        <line num="62" type="stmt" count="1"/>
        <line num="63" type="stmt" count="1"/>
        <line num="64" type="stmt" count="1"/>
        <line num="65" type="stmt" count="1"/>
        <line num="66" type="stmt" count="1"/>
        <line num="67" type="stmt" count="1"/>
        <line num="68" type="stmt" count="1"/>
        <line num="69" type="stmt" count="1"/>
        <line num="70" type="stmt" count="1"/>
        <line num="71" type="stmt" count="1"/>
        <line num="73" type="stmt" count="1"/>
        <line num="74" type="stmt" count="1"/>
        <line num="77" type="stmt" count="1"/>
        <line num="78" type="stmt" count="1"/>
        <line num="81" type="stmt" count="1"/>
        <line num="85" type="method" name="createInboxNotification" visibility="public" complexity="1" crap="1" count="1"/>
        <line num="87" type="stmt" count="1"/>
        <line num="88" type="stmt" count="1"/>
        <line num="89" type="stmt" count="1"/>
        <line num="90" type="stmt" count="1"/>
        <line num="91" type="stmt" count="1"/>
        <line num="92" type="stmt" count="1"/>
        <line num="93" type="stmt" count="1"/>
        <line num="94" type="stmt" count="1"/>
        <line num="96" type="stmt" count="1"/>
        <line num="98" type="stmt" count="1"/>
        <line num="102" type="method" name="updateInboxNotification" visibility="public" complexity="4" crap="20" count="0"/>
        <line num="104" type="stmt" count="0"/>
        <line num="105" type="stmt" count="0"/>
        <line num="107" type="stmt" count="0"/>
        <line num="108" type="stmt" count="0"/>
        <line num="110" type="stmt" count="0"/>
        <line num="111" type="stmt" count="0"/>
        <line num="114" type="stmt" count="0"/>
        <line num="116" type="stmt" count="0"/>
        <line num="119" type="method" name="deleteInboxNotification" visibility="public" complexity="1" crap="2" count="0"/>
        <line num="121" type="stmt" count="0"/>
        <line num="125" type="method" name="getInboxForUser" visibility="public" complexity="1" crap="2" count="0"/>
        <line num="127" type="stmt" count="0"/>
        <line num="128" type="stmt" count="0"/>
        <line num="131" type="method" name="countUnreadForUser" visibility="public" complexity="1" crap="2" count="0"/>
        <line num="133" type="stmt" count="0"/>
        <line num="136" type="method" name="clearInboxForUser" visibility="public" complexity="1" crap="2" count="0"/>
        <line num="138" type="stmt" count="0"/>
        <line num="141" type="method" name="markAsRead" visibility="public" complexity="1" crap="1" count="1"/>
        <line num="143" type="stmt" count="1"/>
        <line num="144" type="stmt" count="1"/>
        <line num="146" type="stmt" count="1"/>
        <line num="150" type="method" name="serializeInbox" visibility="public" complexity="1" crap="2" count="0"/>
        <line num="152" type="stmt" count="0"/>
        <line num="153" type="stmt" count="0"/>
        <line num="154" type="stmt" count="0"/>
        <line num="155" type="stmt" count="0"/>
        <line num="156" type="stmt" count="0"/>
        <line num="157" type="stmt" count="0"/>
        <line num="158" type="stmt" count="0"/>
        <line num="159" type="stmt" count="0"/>
        <line num="160" type="stmt" count="0"/>
        <line num="161" type="stmt" count="0"/>
        <line num="165" type="method" name="serializeTemplate" visibility="public" complexity="1" crap="2" count="0"/>
        <line num="167" type="stmt" count="0"/>
        <line num="168" type="stmt" count="0"/>
        <line num="169" type="stmt" count="0"/>
        <line num="170" type="stmt" count="0"/>
        <line num="171" type="stmt" count="0"/>
        <line num="172" type="stmt" count="0"/>
        <line num="173" type="stmt" count="0"/>
        <line num="174" type="stmt" count="0"/>
        <line num="175" type="stmt" count="0"/>
        <line num="176" type="stmt" count="0"/>
        <line num="177" type="stmt" count="0"/>
        <line num="178" type="stmt" count="0"/>
        <line num="179" type="stmt" count="0"/>
        <line num="180" type="stmt" count="0"/>
        <line num="181" type="stmt" count="0"/>
        <line num="182" type="stmt" count="0"/>
        <line num="183" type="stmt" count="0"/>
        <line num="184" type="stmt" count="0"/>
        <line num="185" type="stmt" count="0"/>
        <line num="186" type="stmt" count="0"/>
        <line num="187" type="stmt" count="0"/>
        <line num="191" type="method" name="renderTemplate" visibility="private" complexity="1" crap="1" count="1"/>
        <line num="193" type="stmt" count="1"/>
        <line num="194" type="stmt" count="1"/>
        <line num="195" type="stmt" count="1"/>
        <line num="196" type="stmt" count="1"/>
        <line num="197" type="stmt" count="1"/>
        <line num="198" type="stmt" count="1"/>
        <line num="200" type="stmt" count="1"/>
        <metrics loc="203" ncloc="192" classes="1" methods="14" coveredmethods="5" conditionals="0" coveredconditionals="0" statements="97" coveredstatements="45" elements="111" coveredelements="50"/>
      </file>
      <file name="/app/src/Service/RequestAccessTemplateUpdater.php">
        <class name="App\Service\RequestAccessTemplateUpdater" namespace="App\Service">
          <metrics complexity="11" methods="4" coveredmethods="1" conditionals="0" coveredconditionals="0" statements="32" coveredstatements="1" elements="36" coveredelements="2"/>
        </class>
        <line num="15" type="method" name="__construct" visibility="public" complexity="1" crap="1" count="4"/>
        <line num="17" type="stmt" count="4"/>
        <line num="20" type="method" name="update" visibility="public" complexity="3" crap="12" count="0"/>
        <line num="22" type="stmt" count="0"/>
        <line num="24" type="stmt" count="0"/>
        <line num="25" type="stmt" count="0"/>
        <line num="26" type="stmt" count="0"/>
        <line num="27" type="stmt" count="0"/>
        <line num="28" type="stmt" count="0"/>
        <line num="35" type="method" name="normalizeChannels" visibility="private" complexity="6" crap="42" count="0"/>
        <line num="37" type="stmt" count="0"/>
        <line num="39" type="stmt" count="0"/>
        <line num="40" type="stmt" count="0"/>
        <line num="42" type="stmt" count="0"/>
        <line num="43" type="stmt" count="0"/>
        <line num="44" type="stmt" count="0"/>
        <line num="48" type="stmt" count="0"/>
        <line num="51" type="stmt" count="0"/>
        <line num="55" type="method" name="legacyFieldMap" visibility="private" complexity="1" crap="2" count="0"/>
        <line num="57" type="stmt" count="0"/>
        <line num="58" type="stmt" count="0"/>
        <line num="59" type="stmt" count="0"/>
        <line num="60" type="stmt" count="0"/>
        <line num="61" type="stmt" count="0"/>
        <line num="62" type="stmt" count="0"/>
        <line num="63" type="stmt" count="0"/>
        <line num="64" type="stmt" count="0"/>
        <line num="65" type="stmt" count="0"/>
        <line num="66" type="stmt" count="0"/>
        <line num="67" type="stmt" count="0"/>
        <line num="68" type="stmt" count="0"/>
        <line num="69" type="stmt" count="0"/>
        <line num="70" type="stmt" count="0"/>
        <line num="71" type="stmt" count="0"/>
        <line num="72" type="stmt" count="0"/>
        <line num="73" type="stmt" count="0"/>
        <metrics loc="76" ncloc="68" classes="1" methods="4" coveredmethods="1" conditionals="0" coveredconditionals="0" statements="32" coveredstatements="1" elements="36" coveredelements="2"/>
      </file>
    </package>
    <package name="App\Service\TemplateUpdate">
      <file name="/app/src/Service/TemplateUpdate/AbstractTemplateChannelUpdater.php">
        <class name="App\Service\TemplateUpdate\AbstractTemplateChannelUpdater" namespace="App\Service\TemplateUpdate">
          <metrics complexity="7" methods="2" coveredmethods="0" conditionals="0" coveredconditionals="0" statements="9" coveredstatements="0" elements="11" coveredelements="0"/>
        </class>
        <line num="12" type="method" name="applyBoolean" visibility="protected" complexity="2" crap="6" count="0"/>
        <line num="14" type="stmt" count="0"/>
        <line num="15" type="stmt" count="0"/>
        <line num="18" type="stmt" count="0"/>
        <line num="22" type="method" name="applyString" visibility="protected" complexity="5" crap="30" count="0"/>
        <line num="24" type="stmt" count="0"/>
        <line num="25" type="stmt" count="0"/>
        <line num="28" type="stmt" count="0"/>
        <line num="29" type="stmt" count="0"/>
        <line num="30" type="stmt" count="0"/>
        <line num="33" type="stmt" count="0"/>
        <metrics loc="36" ncloc="34" classes="1" methods="2" coveredmethods="0" conditionals="0" coveredconditionals="0" statements="9" coveredstatements="0" elements="11" coveredelements="0"/>
      </file>
      <file name="/app/src/Service/TemplateUpdate/EmailTemplateChannelUpdater.php">
        <class name="App\Service\TemplateUpdate\EmailTemplateChannelUpdater" namespace="App\Service\TemplateUpdate">
          <metrics complexity="2" methods="2" coveredmethods="0" conditionals="0" coveredconditionals="0" statements="4" coveredstatements="0" elements="6" coveredelements="0"/>
        </class>
        <line num="11" type="method" name="channel" visibility="public" complexity="1" crap="2" count="0"/>
        <line num="13" type="stmt" count="0"/>
        <line num="16" type="method" name="update" visibility="public" complexity="1" crap="2" count="0"/>
        <line num="18" type="stmt" count="0"/>
        <line num="19" type="stmt" count="0"/>
        <line num="20" type="stmt" count="0"/>
        <metrics loc="23" ncloc="23" classes="1" methods="2" coveredmethods="0" conditionals="0" coveredconditionals="0" statements="4" coveredstatements="0" elements="6" coveredelements="0"/>
      </file>
      <file name="/app/src/Service/TemplateUpdate/InboxTemplateChannelUpdater.php">
        <class name="App\Service\TemplateUpdate\InboxTemplateChannelUpdater" namespace="App\Service\TemplateUpdate">
          <metrics complexity="2" methods="2" coveredmethods="0" conditionals="0" coveredconditionals="0" statements="4" coveredstatements="0" elements="6" coveredelements="0"/>
        </class>
        <line num="11" type="method" name="channel" visibility="public" complexity="1" crap="2" count="0"/>
        <line num="13" type="stmt" count="0"/>
        <line num="16" type="method" name="update" visibility="public" complexity="1" crap="2" count="0"/>
        <line num="18" type="stmt" count="0"/>
        <line num="19" type="stmt" count="0"/>
        <line num="20" type="stmt" count="0"/>
        <metrics loc="23" ncloc="23" classes="1" methods="2" coveredmethods="0" conditionals="0" coveredconditionals="0" statements="4" coveredstatements="0" elements="6" coveredelements="0"/>
      </file>
      <file name="/app/src/Service/TemplateUpdate/PushTemplateChannelUpdater.php">
        <class name="App\Service\TemplateUpdate\PushTemplateChannelUpdater" namespace="App\Service\TemplateUpdate">
          <metrics complexity="2" methods="2" coveredmethods="0" conditionals="0" coveredconditionals="0" statements="4" coveredstatements="0" elements="6" coveredelements="0"/>
        </class>
        <line num="11" type="method" name="channel" visibility="public" complexity="1" crap="2" count="0"/>
        <line num="13" type="stmt" count="0"/>
        <line num="16" type="method" name="update" visibility="public" complexity="1" crap="2" count="0"/>
        <line num="18" type="stmt" count="0"/>
        <line num="19" type="stmt" count="0"/>
        <line num="20" type="stmt" count="0"/>
        <metrics loc="23" ncloc="23" classes="1" methods="2" coveredmethods="0" conditionals="0" coveredconditionals="0" statements="4" coveredstatements="0" elements="6" coveredelements="0"/>
      </file>
    </package>
    <file name="/app/src/Service/TemplateUpdate/TemplateChannelUpdaterInterface.php">
      <metrics loc="16" ncloc="15" classes="0" methods="0" coveredmethods="0" conditionals="0" coveredconditionals="0" statements="0" coveredstatements="0" elements="0" coveredelements="0"/>
    </file>
    <package name="App\Traits">
      <file name="/app/src/Traits/SaveRemoveTrait.php">
        <class name="App\Traits\SaveRemoveTrait" namespace="App\Traits">
          <metrics complexity="0" methods="0" coveredmethods="0" conditionals="0" coveredconditionals="0" statements="0" coveredstatements="0" elements="0" coveredelements="0"/>
        </class>
        <metrics loc="17" ncloc="13" classes="0" methods="0" coveredmethods="0" conditionals="0" coveredconditionals="0" statements="0" coveredstatements="0" elements="0" coveredelements="0"/>
      </file>
      <file name="/app/src/Traits/TimestampableTrait.php">
        <class name="App\Traits\TimestampableTrait" namespace="App\Traits">
          <metrics complexity="0" methods="0" coveredmethods="0" conditionals="0" coveredconditionals="0" statements="0" coveredstatements="0" elements="0" coveredelements="0"/>
        </class>
        <metrics loc="17" ncloc="13" classes="0" methods="0" coveredmethods="0" conditionals="0" coveredconditionals="0" statements="0" coveredstatements="0" elements="0" coveredelements="0"/>
      </file>
    </package>
    <metrics files="19" loc="1123" ncloc="1076" classes="14" methods="90" coveredmethods="26" conditionals="0" coveredconditionals="0" statements="303" coveredstatements="80" elements="393" coveredelements="106"/>
  </project>
</coverage>
